Analysis & Synthesis report for game
Mon Nov 08 22:57:09 2021
Quartus Prime Version 20.1.0 Build 711 06/05/2020 SJ Lite Edition


---------------------
; Table of Contents ;
---------------------
  1. Legal Notice
  2. Analysis & Synthesis Summary
  3. Analysis & Synthesis Settings
  4. Parallel Compilation
  5. Analysis & Synthesis Source Files Read
  6. Analysis & Synthesis Resource Usage Summary
  7. Analysis & Synthesis Resource Utilization by Entity
  8. State Machine - |game|my_state
  9. Registers Removed During Synthesis
 10. Removed Registers Triggering Further Register Optimizations
 11. General Register Statistics
 12. Post-Synthesis Netlist Statistics for Top Partition
 13. Elapsed Time Per Partition
 14. Analysis & Synthesis Messages



----------------
; Legal Notice ;
----------------
Copyright (C) 2020  Intel Corporation. All rights reserved.
Your use of Intel Corporation's design tools, logic functions 
and other software and tools, and any partner logic 
functions, and any output files from any of the foregoing 
(including device programming or simulation files), and any 
associated documentation or information are expressly subject 
to the terms and conditions of the Intel Program License 
Subscription Agreement, the Intel Quartus Prime License Agreement,
the Intel FPGA IP License Agreement, or other applicable license
agreement, including, without limitation, that your use is for
the sole purpose of programming logic devices manufactured by
Intel and sold by Intel or its authorized distributors.  Please
refer to the applicable agreement for further details, at
https://fpgasoftware.intel.com/eula.



+----------------------------------------------------------------------------------+
; Analysis & Synthesis Summary                                                     ;
+------------------------------------+---------------------------------------------+
; Analysis & Synthesis Status        ; Successful - Mon Nov 08 22:57:09 2021       ;
; Quartus Prime Version              ; 20.1.0 Build 711 06/05/2020 SJ Lite Edition ;
; Revision Name                      ; game                                        ;
; Top-level Entity Name              ; game                                        ;
; Family                             ; MAX 10                                      ;
; Total logic elements               ; 0                                           ;
;     Total combinational functions  ; 0                                           ;
;     Dedicated logic registers      ; 0                                           ;
; Total registers                    ; 0                                           ;
; Total pins                         ; 65                                          ;
; Total virtual pins                 ; 0                                           ;
; Total memory bits                  ; 0                                           ;
; Embedded Multiplier 9-bit elements ; 0                                           ;
; Total PLLs                         ; 0                                           ;
; UFM blocks                         ; 0                                           ;
; ADC blocks                         ; 0                                           ;
+------------------------------------+---------------------------------------------+


+------------------------------------------------------------------------------------------------------------+
; Analysis & Synthesis Settings                                                                              ;
+------------------------------------------------------------------+--------------------+--------------------+
; Option                                                           ; Setting            ; Default Value      ;
+------------------------------------------------------------------+--------------------+--------------------+
; Device                                                           ; 10M50DAF484C7G     ;                    ;
; Top-level entity name                                            ; game               ; game               ;
; Family name                                                      ; MAX 10             ; Cyclone V          ;
; Use smart compilation                                            ; Off                ; Off                ;
; Enable parallel Assembler and Timing Analyzer during compilation ; On                 ; On                 ;
; Enable compact report table                                      ; Off                ; Off                ;
; Restructure Multiplexers                                         ; Auto               ; Auto               ;
; Create Debugging Nodes for IP Cores                              ; Off                ; Off                ;
; Preserve fewer node names                                        ; On                 ; On                 ;
; Intel FPGA IP Evaluation Mode                                    ; Enable             ; Enable             ;
; Verilog Version                                                  ; Verilog_2001       ; Verilog_2001       ;
; VHDL Version                                                     ; VHDL_1993          ; VHDL_1993          ;
; State Machine Processing                                         ; Auto               ; Auto               ;
; Safe State Machine                                               ; Off                ; Off                ;
; Extract Verilog State Machines                                   ; On                 ; On                 ;
; Extract VHDL State Machines                                      ; On                 ; On                 ;
; Ignore Verilog initial constructs                                ; Off                ; Off                ;
; Iteration limit for constant Verilog loops                       ; 5000               ; 5000               ;
; Iteration limit for non-constant Verilog loops                   ; 250                ; 250                ;
; Add Pass-Through Logic to Inferred RAMs                          ; On                 ; On                 ;
; Infer RAMs from Raw Logic                                        ; On                 ; On                 ;
; Parallel Synthesis                                               ; On                 ; On                 ;
; DSP Block Balancing                                              ; Auto               ; Auto               ;
; NOT Gate Push-Back                                               ; On                 ; On                 ;
; Power-Up Don't Care                                              ; On                 ; On                 ;
; Remove Redundant Logic Cells                                     ; Off                ; Off                ;
; Remove Duplicate Registers                                       ; On                 ; On                 ;
; Ignore CARRY Buffers                                             ; Off                ; Off                ;
; Ignore CASCADE Buffers                                           ; Off                ; Off                ;
; Ignore GLOBAL Buffers                                            ; Off                ; Off                ;
; Ignore ROW GLOBAL Buffers                                        ; Off                ; Off                ;
; Ignore LCELL Buffers                                             ; Off                ; Off                ;
; Ignore SOFT Buffers                                              ; On                 ; On                 ;
; Limit AHDL Integers to 32 Bits                                   ; Off                ; Off                ;
; Optimization Technique                                           ; Balanced           ; Balanced           ;
; Carry Chain Length                                               ; 70                 ; 70                 ;
; Auto Carry Chains                                                ; On                 ; On                 ;
; Auto Open-Drain Pins                                             ; On                 ; On                 ;
; Perform WYSIWYG Primitive Resynthesis                            ; Off                ; Off                ;
; Auto ROM Replacement                                             ; On                 ; On                 ;
; Auto RAM Replacement                                             ; On                 ; On                 ;
; Auto DSP Block Replacement                                       ; On                 ; On                 ;
; Auto Shift Register Replacement                                  ; Auto               ; Auto               ;
; Allow Shift Register Merging across Hierarchies                  ; Auto               ; Auto               ;
; Auto Clock Enable Replacement                                    ; On                 ; On                 ;
; Strict RAM Replacement                                           ; Off                ; Off                ;
; Allow Synchronous Control Signals                                ; On                 ; On                 ;
; Force Use of Synchronous Clear Signals                           ; Off                ; Off                ;
; Auto RAM Block Balancing                                         ; On                 ; On                 ;
; Auto RAM to Logic Cell Conversion                                ; Off                ; Off                ;
; Auto Resource Sharing                                            ; Off                ; Off                ;
; Allow Any RAM Size For Recognition                               ; Off                ; Off                ;
; Allow Any ROM Size For Recognition                               ; Off                ; Off                ;
; Allow Any Shift Register Size For Recognition                    ; Off                ; Off                ;
; Use LogicLock Constraints during Resource Balancing              ; On                 ; On                 ;
; Ignore translate_off and synthesis_off directives                ; Off                ; Off                ;
; Timing-Driven Synthesis                                          ; On                 ; On                 ;
; Report Parameter Settings                                        ; On                 ; On                 ;
; Report Source Assignments                                        ; On                 ; On                 ;
; Report Connectivity Checks                                       ; On                 ; On                 ;
; Ignore Maximum Fan-Out Assignments                               ; Off                ; Off                ;
; Synchronization Register Chain Length                            ; 2                  ; 2                  ;
; Power Optimization During Synthesis                              ; Normal compilation ; Normal compilation ;
; HDL message level                                                ; Level2             ; Level2             ;
; Suppress Register Optimization Related Messages                  ; Off                ; Off                ;
; Number of Removed Registers Reported in Synthesis Report         ; 5000               ; 5000               ;
; Number of Swept Nodes Reported in Synthesis Report               ; 5000               ; 5000               ;
; Number of Inverted Registers Reported in Synthesis Report        ; 100                ; 100                ;
; Clock MUX Protection                                             ; On                 ; On                 ;
; Auto Gated Clock Conversion                                      ; Off                ; Off                ;
; Block Design Naming                                              ; Auto               ; Auto               ;
; SDC constraint protection                                        ; Off                ; Off                ;
; Synthesis Effort                                                 ; Auto               ; Auto               ;
; Shift Register Replacement - Allow Asynchronous Clear Signal     ; On                 ; On                 ;
; Pre-Mapping Resynthesis Optimization                             ; Off                ; Off                ;
; Analysis & Synthesis Message Level                               ; Medium             ; Medium             ;
; Disable Register Merging Across Hierarchies                      ; Auto               ; Auto               ;
; Resource Aware Inference For Block RAM                           ; On                 ; On                 ;
+------------------------------------------------------------------+--------------------+--------------------+


+------------------------------------------+
; Parallel Compilation                     ;
+----------------------------+-------------+
; Processors                 ; Number      ;
+----------------------------+-------------+
; Number detected on machine ; 4           ;
; Maximum allowed            ; 2           ;
;                            ;             ;
; Average used               ; 1.00        ;
; Maximum used               ; 1           ;
;                            ;             ;
; Usage by Processor         ; % Time Used ;
;     Processor 1            ; 100.0%      ;
+----------------------------+-------------+


+-----------------------------------------------------------------------------------------------------------------------------+
; Analysis & Synthesis Source Files Read                                                                                      ;
+----------------------------------+-----------------+-----------------------+--------------------------------------+---------+
; File Name with User-Entered Path ; Used in Netlist ; File Type             ; File Name with Absolute Path         ; Library ;
+----------------------------------+-----------------+-----------------------+--------------------------------------+---------+
; game.vhd                         ; yes             ; User VHDL File        ; C:/Users/hp/Documents/Balk/game.vhd  ;         ;
; clock.vhd                        ; yes             ; Auto-Found VHDL File  ; C:/Users/hp/Documents/Balk/clock.vhd ;         ;
+----------------------------------+-----------------+-----------------------+--------------------------------------+---------+


+------------------------------------------------------+
; Analysis & Synthesis Resource Usage Summary          ;
+---------------------------------------------+--------+
; Resource                                    ; Usage  ;
+---------------------------------------------+--------+
;                                             ;        ;
; Total combinational functions               ; 0      ;
; Logic element usage by number of LUT inputs ;        ;
;     -- 4 input functions                    ; 0      ;
;     -- 3 input functions                    ; 0      ;
;     -- <=2 input functions                  ; 0      ;
;                                             ;        ;
; Logic elements by mode                      ;        ;
;     -- normal mode                          ; 0      ;
;     -- arithmetic mode                      ; 0      ;
;                                             ;        ;
; Total registers                             ; 0      ;
;     -- Dedicated logic registers            ; 0      ;
;     -- I/O registers                        ; 0      ;
;                                             ;        ;
; I/O pins                                    ; 65     ;
;                                             ;        ;
; Embedded Multiplier 9-bit elements          ; 0      ;
;                                             ;        ;
; Maximum fan-out node                        ; KEY[0] ;
; Maximum fan-out                             ; 1      ;
; Total fan-out                               ; 65     ;
; Average fan-out                             ; 0.50   ;
+---------------------------------------------+--------+


+------------------------------------------------------------------------------------------------------------------------------------------------------------------------------------------------------------------------------------+
; Analysis & Synthesis Resource Utilization by Entity                                                                                                                                                                                ;
+----------------------------+---------------------+---------------------------+-------------+------------+--------------+---------+-----------+------+--------------+------------+---------------------+-------------+--------------+
; Compilation Hierarchy Node ; Combinational ALUTs ; Dedicated Logic Registers ; Memory Bits ; UFM Blocks ; DSP Elements ; DSP 9x9 ; DSP 18x18 ; Pins ; Virtual Pins ; ADC blocks ; Full Hierarchy Name ; Entity Name ; Library Name ;
+----------------------------+---------------------+---------------------------+-------------+------------+--------------+---------+-----------+------+--------------+------------+---------------------+-------------+--------------+
; |game                      ; 0 (0)               ; 0 (0)                     ; 0           ; 0          ; 0            ; 0       ; 0         ; 65   ; 0            ; 0          ; |game               ; game        ; work         ;
+----------------------------+---------------------+---------------------------+-------------+------------+--------------+---------+-----------+------+--------------+------------+---------------------+-------------+--------------+
Note: For table entries with two numbers listed, the numbers in parentheses indicate the number of resources of the given type used by the specific entity alone. The numbers listed outside of parentheses indicate the total resources of the given type used by the specific entity and all of its sub-entities in the hierarchy.


Encoding Type:  One-Hot
+-----------------------------------------------------------------+
; State Machine - |game|my_state                                  ;
+----------------+---------------+----------------+---------------+
; Name           ; my_state.fini ; my_state.start ; my_state.play ;
+----------------+---------------+----------------+---------------+
; my_state.play  ; 0             ; 0              ; 0             ;
; my_state.start ; 0             ; 1              ; 1             ;
; my_state.fini  ; 1             ; 0              ; 1             ;
+----------------+---------------+----------------+---------------+


+---------------------------------------------------------------------------------+
; Registers Removed During Synthesis                                              ;
+----------------------------------------+----------------------------------------+
; Register name                          ; Reason for Removal                     ;
+----------------------------------------+----------------------------------------+
; LEDR[0]~reg0                           ; Stuck at VCC due to stuck port data_in ;
; my_state.play                          ; Lost fanout                            ;
; my_state.fini                          ; Lost fanout                            ;
; my_state.start                         ; Stuck at GND due to stuck port data_in ;
; clock:normal_time|num[0..31]           ; Lost fanout                            ;
; Total Number of Removed Registers = 36 ;                                        ;
+----------------------------------------+----------------------------------------+


+----------------------------------------------------------------------------------------------------------------------------------+
; Removed Registers Triggering Further Register Optimizations                                                                      ;
+--------------------------+--------------------+----------------------------------------------------------------------------------+
; Register name            ; Reason for Removal ; Registers Removed due to This Register                                           ;
+--------------------------+--------------------+----------------------------------------------------------------------------------+
; clock:normal_time|num[0] ; Lost Fanouts       ; clock:normal_time|num[12], clock:normal_time|num[13], clock:normal_time|num[14], ;
;                          ;                    ; clock:normal_time|num[15], clock:normal_time|num[16], clock:normal_time|num[17], ;
;                          ;                    ; clock:normal_time|num[18], clock:normal_time|num[19], clock:normal_time|num[20], ;
;                          ;                    ; clock:normal_time|num[21], clock:normal_time|num[22], clock:normal_time|num[23], ;
;                          ;                    ; clock:normal_time|num[24], clock:normal_time|num[25], clock:normal_time|num[26], ;
;                          ;                    ; clock:normal_time|num[27], clock:normal_time|num[28], clock:normal_time|num[29], ;
;                          ;                    ; clock:normal_time|num[30], clock:normal_time|num[31]                             ;
; clock:normal_time|num[7] ; Lost Fanouts       ; clock:normal_time|num[6], clock:normal_time|num[5], clock:normal_time|num[4],    ;
;                          ;                    ; clock:normal_time|num[3], clock:normal_time|num[2], clock:normal_time|num[1]     ;
+--------------------------+--------------------+----------------------------------------------------------------------------------+


+------------------------------------------------------+
; General Register Statistics                          ;
+----------------------------------------------+-------+
; Statistic                                    ; Value ;
+----------------------------------------------+-------+
; Total registers                              ; 0     ;
; Number of registers using Synchronous Clear  ; 0     ;
; Number of registers using Synchronous Load   ; 0     ;
; Number of registers using Asynchronous Clear ; 0     ;
; Number of registers using Asynchronous Load  ; 0     ;
; Number of registers using Clock Enable       ; 0     ;
; Number of registers using Preset             ; 0     ;
+----------------------------------------------+-------+


+-----------------------------------------------------+
; Post-Synthesis Netlist Statistics for Top Partition ;
+-----------------------+-----------------------------+
; Type                  ; Count                       ;
+-----------------------+-----------------------------+
; boundary_port         ; 65                          ;
; cycloneiii_lcell_comb ; 2                           ;
;     normal            ; 2                           ;
;         0 data inputs ; 2                           ;
;                       ;                             ;
; Max LUT depth         ; 0.00                        ;
; Average LUT depth     ; 0.00                        ;
+-----------------------+-----------------------------+


+-------------------------------+
; Elapsed Time Per Partition    ;
+----------------+--------------+
; Partition Name ; Elapsed Time ;
+----------------+--------------+
; Top            ; 00:00:00     ;
+----------------+--------------+


+-------------------------------+
; Analysis & Synthesis Messages ;
+-------------------------------+
Info: *******************************************************************
Info: Running Quartus Prime Analysis & Synthesis
    Info: Version 20.1.0 Build 711 06/05/2020 SJ Lite Edition
    Info: Processing started: Mon Nov 08 22:56:50 2021
Info: Command: quartus_map --read_settings_files=on --write_settings_files=off game -c game
Warning (18236): Number of processors has not been specified which may cause overloading on shared machines.  Set the global assignment NUM_PARALLEL_PROCESSORS in your QSF to an appropriate value for best performance.
Info (20030): Parallel compilation is enabled and will use 2 of the 2 processors detected
Info (12021): Found 2 design units, including 1 entities, in source file game.vhd
    Info (12022): Found design unit 1: game-test File: C:/Users/hp/Documents/Balk/game.vhd Line: 19
    Info (12023): Found entity 1: game File: C:/Users/hp/Documents/Balk/game.vhd Line: 5
Info (12127): Elaborating entity "game" for the top level hierarchy
Warning (10540): VHDL Signal Declaration warning at game.vhd(48): used explicit default value for signal "b" because signal was never assigned a value File: C:/Users/hp/Documents/Balk/game.vhd Line: 48
Warning (10873): Using initial value X (don't care) for net "LEDR[9..1]" at game.vhd(13) File: C:/Users/hp/Documents/Balk/game.vhd Line: 13
Warning (12125): Using design file clock.vhd, which is not specified as a design file for the current project, but contains definitions for 2 design units and 1 entities in project
    Info (12022): Found design unit 1: clock-test File: C:/Users/hp/Documents/Balk/clock.vhd Line: 13
    Info (12023): Found entity 1: clock File: C:/Users/hp/Documents/Balk/clock.vhd Line: 5
Info (12128): Elaborating entity "clock" for hierarchy "clock:normal_time" File: C:/Users/hp/Documents/Balk/game.vhd Line: 53
Warning (10540): VHDL Signal Declaration warning at clock.vhd(14): used explicit default value for signal "clock" because signal was never assigned a value File: C:/Users/hp/Documents/Balk/clock.vhd Line: 14
Warning (13024): Output pins are stuck at VCC or GND
    Warning (13410): Pin "LEDR[0]" is stuck at VCC File: C:/Users/hp/Documents/Balk/game.vhd Line: 67
    Warning (13410): Pin "LEDR[1]" is stuck at GND File: C:/Users/hp/Documents/Balk/game.vhd Line: 13
    Warning (13410): Pin "LEDR[2]" is stuck at GND File: C:/Users/hp/Documents/Balk/game.vhd Line: 13
    Warning (13410): Pin "LEDR[3]" is stuck at GND File: C:/Users/hp/Documents/Balk/game.vhd Line: 13
    Warning (13410): Pin "LEDR[4]" is stuck at GND File: C:/Users/hp/Documents/Balk/game.vhd Line: 13
    Warning (13410): Pin "LEDR[5]" is stuck at GND File: C:/Users/hp/Documents/Balk/game.vhd Line: 13
    Warning (13410): Pin "LEDR[6]" is stuck at GND File: C:/Users/hp/Documents/Balk/game.vhd Line: 13
    Warning (13410): Pin "LEDR[7]" is stuck at GND File: C:/Users/hp/Documents/Balk/game.vhd Line: 13
    Warning (13410): Pin "LEDR[8]" is stuck at GND File: C:/Users/hp/Documents/Balk/game.vhd Line: 13
    Warning (13410): Pin "LEDR[9]" is stuck at GND File: C:/Users/hp/Documents/Balk/game.vhd Line: 13
    Warning (13410): Pin "HEX0[6]" is stuck at VCC File: C:/Users/hp/Documents/Balk/game.vhd Line: 14
    Warning (13410): Pin "HEX0[5]" is stuck at VCC File: C:/Users/hp/Documents/Balk/game.vhd Line: 14
    Warning (13410): Pin "HEX0[4]" is stuck at VCC File: C:/Users/hp/Documents/Balk/game.vhd Line: 14
    Warning (13410): Pin "HEX0[3]" is stuck at VCC File: C:/Users/hp/Documents/Balk/game.vhd Line: 14
    Warning (13410): Pin "HEX0[2]" is stuck at VCC File: C:/Users/hp/Documents/Balk/game.vhd Line: 14
    Warning (13410): Pin "HEX0[1]" is stuck at VCC File: C:/Users/hp/Documents/Balk/game.vhd Line: 14
    Warning (13410): Pin "HEX0[0]" is stuck at VCC File: C:/Users/hp/Documents/Balk/game.vhd Line: 14
    Warning (13410): Pin "HEX1[6]" is stuck at VCC File: C:/Users/hp/Documents/Balk/game.vhd Line: 14
    Warning (13410): Pin "HEX1[5]" is stuck at VCC File: C:/Users/hp/Documents/Balk/game.vhd Line: 14
    Warning (13410): Pin "HEX1[4]" is stuck at VCC File: C:/Users/hp/Documents/Balk/game.vhd Line: 14
    Warning (13410): Pin "HEX1[3]" is stuck at VCC File: C:/Users/hp/Documents/Balk/game.vhd Line: 14
    Warning (13410): Pin "HEX1[2]" is stuck at VCC File: C:/Users/hp/Documents/Balk/game.vhd Line: 14
    Warning (13410): Pin "HEX1[1]" is stuck at VCC File: C:/Users/hp/Documents/Balk/game.vhd Line: 14
    Warning (13410): Pin "HEX1[0]" is stuck at VCC File: C:/Users/hp/Documents/Balk/game.vhd Line: 14
    Warning (13410): Pin "HEX2[6]" is stuck at VCC File: C:/Users/hp/Documents/Balk/game.vhd Line: 14
    Warning (13410): Pin "HEX2[5]" is stuck at VCC File: C:/Users/hp/Documents/Balk/game.vhd Line: 14
    Warning (13410): Pin "HEX2[4]" is stuck at VCC File: C:/Users/hp/Documents/Balk/game.vhd Line: 14
    Warning (13410): Pin "HEX2[3]" is stuck at VCC File: C:/Users/hp/Documents/Balk/game.vhd Line: 14
    Warning (13410): Pin "HEX2[2]" is stuck at VCC File: C:/Users/hp/Documents/Balk/game.vhd Line: 14
    Warning (13410): Pin "HEX2[1]" is stuck at VCC File: C:/Users/hp/Documents/Balk/game.vhd Line: 14
    Warning (13410): Pin "HEX2[0]" is stuck at VCC File: C:/Users/hp/Documents/Balk/game.vhd Line: 14
    Warning (13410): Pin "HEX3[6]" is stuck at VCC File: C:/Users/hp/Documents/Balk/game.vhd Line: 14
    Warning (13410): Pin "HEX3[5]" is stuck at VCC File: C:/Users/hp/Documents/Balk/game.vhd Line: 14
    Warning (13410): Pin "HEX3[4]" is stuck at VCC File: C:/Users/hp/Documents/Balk/game.vhd Line: 14
    Warning (13410): Pin "HEX3[3]" is stuck at VCC File: C:/Users/hp/Documents/Balk/game.vhd Line: 14
    Warning (13410): Pin "HEX3[2]" is stuck at VCC File: C:/Users/hp/Documents/Balk/game.vhd Line: 14
    Warning (13410): Pin "HEX3[1]" is stuck at VCC File: C:/Users/hp/Documents/Balk/game.vhd Line: 14
    Warning (13410): Pin "HEX3[0]" is stuck at VCC File: C:/Users/hp/Documents/Balk/game.vhd Line: 14
    Warning (13410): Pin "HEX4[6]" is stuck at VCC File: C:/Users/hp/Documents/Balk/game.vhd Line: 14
    Warning (13410): Pin "HEX4[5]" is stuck at VCC File: C:/Users/hp/Documents/Balk/game.vhd Line: 14
    Warning (13410): Pin "HEX4[4]" is stuck at VCC File: C:/Users/hp/Documents/Balk/game.vhd Line: 14
    Warning (13410): Pin "HEX4[3]" is stuck at VCC File: C:/Users/hp/Documents/Balk/game.vhd Line: 14
    Warning (13410): Pin "HEX4[2]" is stuck at VCC File: C:/Users/hp/Documents/Balk/game.vhd Line: 14
    Warning (13410): Pin "HEX4[1]" is stuck at VCC File: C:/Users/hp/Documents/Balk/game.vhd Line: 14
    Warning (13410): Pin "HEX4[0]" is stuck at VCC File: C:/Users/hp/Documents/Balk/game.vhd Line: 14
    Warning (13410): Pin "HEX5[6]" is stuck at VCC File: C:/Users/hp/Documents/Balk/game.vhd Line: 14
    Warning (13410): Pin "HEX5[5]" is stuck at VCC File: C:/Users/hp/Documents/Balk/game.vhd Line: 14
    Warning (13410): Pin "HEX5[4]" is stuck at VCC File: C:/Users/hp/Documents/Balk/game.vhd Line: 14
    Warning (13410): Pin "HEX5[3]" is stuck at VCC File: C:/Users/hp/Documents/Balk/game.vhd Line: 14
    Warning (13410): Pin "HEX5[2]" is stuck at VCC File: C:/Users/hp/Documents/Balk/game.vhd Line: 14
    Warning (13410): Pin "HEX5[1]" is stuck at VCC File: C:/Users/hp/Documents/Balk/game.vhd Line: 14
    Warning (13410): Pin "HEX5[0]" is stuck at VCC File: C:/Users/hp/Documents/Balk/game.vhd Line: 14
Info (17049): 34 registers lost all their fanouts during netlist optimizations.
Info (16010): Generating hard_block partition "hard_block:auto_generated_inst"
    Info (16011): Adding 0 node(s), including 0 DDIO, 0 PLL, 0 transceiver and 0 LCELL
Warning (21074): Design contains 13 input pin(s) that do not drive logic
    Warning (15610): No output dependent on input pin "KEY[0]" File: C:/Users/hp/Documents/Balk/game.vhd Line: 11
    Warning (15610): No output dependent on input pin "KEY[1]" File: C:/Users/hp/Documents/Balk/game.vhd Line: 11
    Warning (15610): No output dependent on input pin "SW[1]" File: C:/Users/hp/Documents/Balk/game.vhd Line: 12
    Warning (15610): No output dependent on input pin "SW[2]" File: C:/Users/hp/Documents/Balk/game.vhd Line: 12
    Warning (15610): No output dependent on input pin "SW[3]" File: C:/Users/hp/Documents/Balk/game.vhd Line: 12
    Warning (15610): No output dependent on input pin "SW[4]" File: C:/Users/hp/Documents/Balk/game.vhd Line: 12
    Warning (15610): No output dependent on input pin "SW[5]" File: C:/Users/hp/Documents/Balk/game.vhd Line: 12
    Warning (15610): No output dependent on input pin "SW[6]" File: C:/Users/hp/Documents/Balk/game.vhd Line: 12
    Warning (15610): No output dependent on input pin "SW[7]" File: C:/Users/hp/Documents/Balk/game.vhd Line: 12
    Warning (15610): No output dependent on input pin "SW[8]" File: C:/Users/hp/Documents/Balk/game.vhd Line: 12
    Warning (15610): No output dependent on input pin "SW[9]" File: C:/Users/hp/Documents/Balk/game.vhd Line: 12
    Warning (15610): No output dependent on input pin "SW[0]" File: C:/Users/hp/Documents/Balk/game.vhd Line: 12
    Warning (15610): No output dependent on input pin "clk50MHZ" File: C:/Users/hp/Documents/Balk/game.vhd Line: 8
Info (21057): Implemented 65 device resources after synthesis - the final resource count might be different
    Info (21058): Implemented 13 input pins
    Info (21059): Implemented 52 output pins
Info: Quartus Prime Analysis & Synthesis was successful. 0 errors, 72 warnings
    Info: Peak virtual memory: 4782 megabytes
    Info: Processing ended: Mon Nov 08 22:57:09 2021
    Info: Elapsed time: 00:00:19
    Info: Total CPU time (on all processors): 00:00:42


